\BOOKMARK [0][-]{Doc-Start}{ABSTRAK}{}% 1
\BOOKMARK [0][-]{Doc-Start}{ABSTRACT}{}% 2
\BOOKMARK [0][-]{chapter*.1}{KATA\040PENGANTAR}{}% 3
\BOOKMARK [0][-]{chapter*.3}{DAFTAR\040ISI}{}% 4
\BOOKMARK [0][-]{chapter*.4}{DAFTAR\040TABEL}{}% 5
\BOOKMARK [0][-]{chapter*.5}{DAFTAR\040GAMBAR}{}% 6
\BOOKMARK [0][-]{chapter*.6}{DAFTAR\040KODE\040SUMBER}{}% 7
\BOOKMARK [0][-]{chapter.1}{PENDAHULUAN}{}% 8
\BOOKMARK [1][-]{section.1.1}{Latar\040Belakang}{chapter.1}% 9
\BOOKMARK [1][-]{section.1.2}{Rumusan\040Masalah}{chapter.1}% 10
\BOOKMARK [1][-]{section.1.3}{Batasan\040Masalah}{chapter.1}% 11
\BOOKMARK [1][-]{section.1.4}{Tujuan}{chapter.1}% 12
\BOOKMARK [1][-]{section.1.5}{Manfaat}{chapter.1}% 13
\BOOKMARK [1][-]{section.1.6}{Metodologi}{chapter.1}% 14
\BOOKMARK [2][-]{subsection.1.6.1}{Penyusunan\040Proposal\040Tugas\040Akhir}{section.1.6}% 15
\BOOKMARK [2][-]{subsection.1.6.2}{Studi\040Literatur}{section.1.6}% 16
\BOOKMARK [2][-]{subsection.1.6.3}{Analisis\040dan\040Desain\040Perangkat\040Lunak}{section.1.6}% 17
\BOOKMARK [2][-]{subsection.1.6.4}{Implementasi\040Perangkat\040Lunak}{section.1.6}% 18
\BOOKMARK [2][-]{subsection.1.6.5}{Pengujian\040dan\040Evaluasi}{section.1.6}% 19
\BOOKMARK [2][-]{subsection.1.6.6}{Penyusunan\040Buku\040Tugas\040Akhir}{section.1.6}% 20
\BOOKMARK [1][-]{section.1.7}{Sistematika\040Penulisan}{chapter.1}% 21
\BOOKMARK [0][-]{chapter.2}{TINJAUAN\040PUSTAKA}{}% 22
\BOOKMARK [1][-]{section.2.1}{Python}{chapter.2}% 23
\BOOKMARK [1][-]{section.2.2}{Flask}{chapter.2}% 24
\BOOKMARK [1][-]{section.2.3}{Gitpython}{chapter.2}% 25
\BOOKMARK [1][-]{section.2.4}{Python\040Watchdog}{chapter.2}% 26
\BOOKMARK [1][-]{section.2.5}{TFTP}{chapter.2}% 27
\BOOKMARK [1][-]{section.2.6}{FTP}{chapter.2}% 28
\BOOKMARK [0][-]{chapter.3}{DESAIN\040DAN\040PERANCANGAN}{}% 29
\BOOKMARK [1][-]{section.3.1}{Kasus\040Penggunaan}{chapter.3}% 30
\BOOKMARK [1][-]{section.3.2}{Arsitektur\040Sistem}{chapter.3}% 31
\BOOKMARK [2][-]{subsection.3.2.1}{Desain\040Umum\040Sistem}{section.3.2}% 32
\BOOKMARK [2][-]{subsection.3.2.2}{Perancangan\040Repositori\040Perangkat\040}{section.3.2}% 33
\BOOKMARK [2][-]{subsection.3.2.3}{Perancangan\040Middleware}{section.3.2}% 34
\BOOKMARK [0][-]{chapter.4}{IMPLEMENTASI}{}% 35
\BOOKMARK [1][-]{section.4.1}{Lingkungan\040Implementasi}{chapter.4}% 36
\BOOKMARK [2][-]{subsection.4.1.1}{Perangkat\040Keras}{section.4.1}% 37
\BOOKMARK [2][-]{subsection.4.1.2}{Perangkat\040Lunak}{section.4.1}% 38
\BOOKMARK [1][-]{section.4.2}{Implementasi\040Repositori\040Perangkat}{chapter.4}% 39
\BOOKMARK [1][-]{section.4.3}{Implementasi\040Middleware}{chapter.4}% 40
\BOOKMARK [2][-]{subsection.4.3.1}{Implementasi\040Repository\040Observer}{section.4.3}% 41
\BOOKMARK [2][-]{subsection.4.3.2}{Implementasi\040Web\040Service}{section.4.3}% 42
\BOOKMARK [0][-]{chapter.5}{PENGUJIAN\040DAN\040EVALUASI}{}% 43
\BOOKMARK [1][-]{section.5.1}{Lingkungan\040Uji\040Coba}{chapter.5}% 44
\BOOKMARK [1][-]{section.5.2}{Skenario\040Uji\040Coba}{chapter.5}% 45
\BOOKMARK [2][-]{subsection.5.2.1}{Skenario\040Uji\040Coba\040Fungsionalitas}{section.5.2}% 46
\BOOKMARK [2][-]{subsection.5.2.2}{Skenario\040Uji\040Coba\040Performa}{section.5.2}% 47
\BOOKMARK [1][-]{section.5.3}{Hasil\040Uji\040Coba\040dan\040Evaluasi}{chapter.5}% 48
\BOOKMARK [2][-]{subsection.5.3.1}{Uji\040Fungsionalitas}{section.5.3}% 49
\BOOKMARK [2][-]{subsection.5.3.2}{Hasil\040Uji\040Performa}{section.5.3}% 50
\BOOKMARK [0][-]{chapter.6}{PENUTUP}{}% 51
\BOOKMARK [1][-]{section.6.1}{Kesimpulan}{chapter.6}% 52
\BOOKMARK [1][-]{section.6.2}{Saran}{chapter.6}% 53
\BOOKMARK [0][-]{chapter*.12}{DAFTAR\040PUSTAKA}{}% 54
\BOOKMARK [0][-]{appendix.A}{INSTALASI\040PERANGKAT\040LUNAK}{}% 55
\BOOKMARK [0][-]{appendix.B}{KODE\040SUMBER}{}% 56
\BOOKMARK [0][-]{appendix*.13}{DAFTAR\040PUSTAKA}{}% 57
\BOOKMARK [0][-]{appendix*.14}{BIODATA\040PENULIS}{}% 58
